ccaabbdd
ccaabdbd
ccaabddb
ccaadbbd
ccaadbdb
ccaaddbb
ccababdd
ccabadbd
ccabaddb
ccabbadd
ccabbdad
ccabbdda
ccabdabd
ccabdadb
ccabdbad
ccabdbda
ccabddab
ccabddba
ccadabbd
ccadabdb
ccadadbb
ccadbabd
ccadbadb
ccadbbad
ccadbbda
ccadbdab
ccadbdba
ccaddabb
ccaddbab
ccaddbba
ccbaabdd
ccbaadbd
ccbaaddb
ccbabadd
ccbabdad
ccbabdda
ccbadabd
ccbadadb
ccbadbad
ccbadbda
ccbaddab
ccbaddba
ccbbaadd
ccbbadad
ccbbadda
ccbbdaad
ccbbdada
ccbbddaa
ccbdaabd
ccbdaadb
ccbdabad
ccbdabda
ccbdadab
ccbdadba
ccbdbaad
ccbdbada
ccbdbdaa
ccbddaab
ccbddaba
ccbddbaa
ccdaabbd
ccdaabdb
ccdaadbb
ccdababd
ccdabadb
ccdabbad
ccdabbda
ccdabdab
ccdabdba
ccdadabb
ccdadbab
ccdadbba
ccdbaabd
ccdbaadb
ccdbabad
ccdbabda
ccdbadab
ccdbadba
ccdbbaad
ccdbbada
ccdbbdaa
ccdbdaab
ccdbdaba
ccdbdbaa
ccddaabb
ccddabab
ccddabba
ccddbaab
ccddbaba
ccddbbaa
cacabbdd
cacabdbd
cacabddb
cacadbbd
cacadbdb
cacaddbb
cacbabdd
cacbadbd
cacbaddb
cacbbadd
cacbbdad
cacbbdda
cacbdabd
cacbdadb
cacbdbad
cacbdbda
cacbddab
cacbddba
cacdabbd
cacdabdb
cacdadbb
cacdbabd
cacdbadb
cacdbbad
cacdbbda
cacdbdab
cacdbdba
cacddabb
cacddbab
cacddbba
caacbbdd
caacbdbd
caacbddb
caacdbbd
caacdbdb
caacddbb
caabcbdd
caabcdbd
caabcddb
caabbcdd
caabbdcd
caabbddc
caabdcbd
caabdcdb
caabdbcd
caabdbdc
caabddcb
caabddbc
caadcbbd
caadcbdb
caadcdbb
caadbcbd
caadbcdb
caadbbcd
caadbbdc
caadbdcb
caadbdbc
caaddcbb
caaddbcb
caaddbbc
cabcabdd
cabcadbd
cabcaddb
cabcbadd
cabcbdad
cabcbdda
cabcdabd
cabcdadb
cabcdbad
cabcdbda
cabcddab
cabcddba
cabacbdd
cabacdbd
cabacddb
cababcdd
cababdcd
cababddc
cabadcbd
cabadcdb
cabadbcd
cabadbdc
cabaddcb
cabaddbc
cabbcadd
cabbcdad
cabbcdda
cabbacdd
cabbadcd
cabbaddc
cabbdcad
cabbdcda
cabbdacd
cabbdadc
cabbddca
cabbddac
cabdcabd
cabdcadb
cabdcbad
cabdcbda
cabdcdab
cabdcdba
cabdacbd
cabdacdb
cabdabcd
cabdabdc
cabdadcb
cabdadbc
cabdbcad
cabdbcda
cabdbacd
cabdbadc
cabdbdca
cabdbdac
cabddcab
cabddcba
cabddacb
cabddabc
cabddbca
cabddbac
cadcabbd
cadcabdb
cadcadbb
cadcbabd
cadcbadb
cadcbbad
cadcbbda
cadcbdab
cadcbdba
cadcdabb
cadcdbab
cadcdbba
cadacbbd
cadacbdb
cadacdbb
cadabcbd
cadabcdb
cadabbcd
cadabbdc
cadabdcb
cadabdbc
cadadcbb
cadadbcb
cadadbbc
cadbcabd
cadbcadb
cadbcbad
cadbcbda
cadbcdab
cadbcdba
cadbacbd
cadbacdb
cadbabcd
cadbabdc
cadbadcb
cadbadbc
cadbbcad
cadbbcda
cadbbacd
cadbbadc
cadbbdca
cadbbdac
cadbdcab
cadbdcba
cadbdacb
cadbdabc
cadbdbca
cadbdbac
caddcabb
caddcbab
caddcbba
caddacbb
caddabcb
caddabbc
caddbcab
caddbcba
caddbacb
caddbabc
caddbbca
caddbbac
cbcaabdd
cbcaadbd
cbcaaddb
cbcabadd
cbcabdad
cbcabdda
cbcadabd
cbcadadb
cbcadbad
cbcadbda
cbcaddab
cbcaddba
cbcbaadd
cbcbadad
cbcbadda
cbcbdaad
cbcbdada
cbcbddaa
cbcdaabd
cbcdaadb
cbcdabad
cbcdabda
cbcdadab
cbcdadba
cbcdbaad
cbcdbada
cbcdbdaa
cbcddaab
cbcddaba
cbcddbaa
cbacabdd
cbacadbd
cbacaddb
cbacbadd
cbacbdad
cbacbdda
cbacdabd
cbacdadb
cbacdbad
cbacdbda
cbacddab
cbacddba
cbaacbdd
cbaacdbd
cbaacddb
cbaabcdd
cbaabdcd
cbaabddc
cbaadcbd
cbaadcdb
cbaadbcd
cbaadbdc
cbaaddcb
cbaaddbc
cbabcadd
cbabcdad
cbabcdda
cbabacdd
cbabadcd
cbabaddc
cbabdcad
cbabdcda
cbabdacd
cbabdadc
cbabddca
cbabddac
cbadcabd
cbadcadb
cbadcbad
cbadcbda
cbadcdab
cbadcdba
cbadacbd
cbadacdb
cbadabcd
cbadabdc
cbadadcb
cbadadbc
cbadbcad
cbadbcda
cbadbacd
cbadbadc
cbadbdca
cbadbdac
cbaddcab
cbaddcba
cbaddacb
cbaddabc
cbaddbca
cbaddbac
cbbcaadd
cbbcadad
cbbcadda
cbbcdaad
cbbcdada
cbbcddaa
cbbacadd
cbbacdad
cbbacdda
cbbaacdd
cbbaadcd
cbbaaddc
cbbadcad
cbbadcda
cbbadacd
cbbadadc
cbbaddca
cbbaddac
cbbdcaad
cbbdcada
cbbdcdaa
cbbdacad
cbbdacda
cbbdaacd
cbbdaadc
cbbdadca
cbbdadac
cbbddcaa
cbbddaca
cbbddaac
cbdcaabd
cbdcaadb
cbdcabad
cbdcabda
cbdcadab
cbdcadba
cbdcbaad
cbdcbada
cbdcbdaa
cbdcdaab
cbdcdaba
cbdcdbaa
cbdacabd
cbdacadb
cbdacbad
cbdacbda
cbdacdab
cbdacdba
cbdaacbd
cbdaacdb
cbdaabcd
cbdaabdc
cbdaadcb
cbdaadbc
cbdabcad
cbdabcda
cbdabacd
cbdabadc
cbdabdca
cbdabdac
cbdadcab
cbdadcba
cbdadacb
cbdadabc
cbdadbca
cbdadbac
cbdbcaad
cbdbcada
cbdbcdaa
cbdbacad
cbdbacda
cbdbaacd
cbdbaadc
cbdbadca
cbdbadac
cbdbdcaa
cbdbdaca
cbdbdaac
cbddcaab
cbddcaba
cbddcbaa
cbddacab
cbddacba
cbddaacb
cbddaabc
cbddabca
cbddabac
cbddbcaa
cbddbaca
cbddbaac
cdcaabbd
cdcaabdb
cdcaadbb
cdcababd
cdcabadb
cdcabbad
cdcabbda
cdcabdab
cdcabdba
cdcadabb
cdcadbab
cdcadbba
cdcbaabd
cdcbaadb
cdcbabad
cdcbabda
cdcbadab
cdcbadba
cdcbbaad
cdcbbada
cdcbbdaa
cdcbdaab
cdcbdaba
cdcbdbaa
cdcdaabb
cdcdabab
cdcdabba
cdcdbaab
cdcdbaba
cdcdbbaa
cdacabbd
cdacabdb
cdacadbb
cdacbabd
cdacbadb
cdacbbad
cdacbbda
cdacbdab
cdacbdba
cdacdabb
cdacdbab
cdacdbba
cdaacbbd
cdaacbdb
cdaacdbb
cdaabcbd
cdaabcdb
cdaabbcd
cdaabbdc
cdaabdcb
cdaabdbc
cdaadcbb
cdaadbcb
cdaadbbc
cdabcabd
cdabcadb
cdabcbad
cdabcbda
cdabcdab
cdabcdba
cdabacbd
cdabacdb
cdababcd
cdababdc
cdabadcb
cdabadbc
cdabbcad
cdabbcda
cdabbacd
cdabbadc
cdabbdca
cdabbdac
cdabdcab
cdabdcba
cdabdacb
cdabdabc
cdabdbca
cdabdbac
cdadcabb
cdadcbab
cdadcbba
cdadacbb
cdadabcb
cdadabbc
cdadbcab
cdadbcba
cdadbacb
cdadbabc
cdadbbca
cdadbbac
cdbcaabd
cdbcaadb
cdbcabad
cdbcabda
cdbcadab
cdbcadba
cdbcbaad
cdbcbada
cdbcbdaa
cdbcdaab
cdbcdaba
cdbcdbaa
cdbacabd
cdbacadb
cdbacbad
cdbacbda
cdbacdab
cdbacdba
cdbaacbd
cdbaacdb
cdbaabcd
cdbaabdc
cdbaadcb
cdbaadbc
cdbabcad
cdbabcda
cdbabacd
cdbabadc
cdbabdca
cdbabdac
cdbadcab
cdbadcba
cdbadacb
cdbadabc
cdbadbca
cdbadbac
cdbbcaad
cdbbcada
cdbbcdaa
cdbbacad
cdbbacda
cdbbaacd
cdbbaadc
cdbbadca
cdbbadac
cdbbdcaa
cdbbdaca
cdbbdaac
cdbdcaab
cdbdcaba
cdbdcbaa
cdbdacab
cdbdacba
cdbdaacb
cdbdaabc
cdbdabca
cdbdabac
cdbdbcaa
cdbdbaca
cdbdbaac
cddcaabb
cddcabab
cddcabba
cddcbaab
cddcbaba
cddcbbaa
cddacabb
cddacbab
cddacbba
cddaacbb
cddaabcb
cddaabbc
cddabcab
cddabcba
cddabacb
cddababc
cddabbca
cddabbac
cddbcaab
cddbcaba
cddbcbaa
cddbacab
cddbacba
cddbaacb
cddbaabc
cddbabca
cddbabac
cddbbcaa
cddbbaca
cddbbaac
accabbdd
accabdbd
accabddb
accadbbd
accadbdb
accaddbb
accbabdd
accbadbd
accbaddb
accbbadd
accbbdad
accbbdda
accbdabd
accbdadb
accbdbad
accbdbda
accbddab
accbddba
accdabbd
accdabdb
accdadbb
accdbabd
accdbadb
accdbbad
accdbbda
accdbdab
accdbdba
accddabb
accddbab
accddbba
acacbbdd
acacbdbd
acacbddb
acacdbbd
acacdbdb
acacddbb
acabcbdd
acabcdbd
acabcddb
acabbcdd
acabbdcd
acabbddc
acabdcbd
acabdcdb
acabdbcd
acabdbdc
acabddcb
acabddbc
acadcbbd
acadcbdb
acadcdbb
acadbcbd
acadbcdb
acadbbcd
acadbbdc
acadbdcb
acadbdbc
acaddcbb
acaddbcb
acaddbbc
acbcabdd
acbcadbd
acbcaddb
acbcbadd
acbcbdad
acbcbdda
acbcdabd
acbcdadb
acbcdbad
acbcdbda
acbcddab
acbcddba
acbacbdd
acbacdbd
acbacddb
acbabcdd
acbabdcd
acbabddc
acbadcbd
acbadcdb
acbadbcd
acbadbdc
acbaddcb
acbaddbc
acbbcadd
acbbcdad
acbbcdda
acbbacdd
acbbadcd
acbbaddc
acbbdcad
acbbdcda
acbbdacd
acbbdadc
acbbddca
acbbddac
acbdcabd
acbdcadb
acbdcbad
acbdcbda
acbdcdab
acbdcdba
acbdacbd
acbdacdb
acbdabcd
acbdabdc
acbdadcb
acbdadbc
acbdbcad
acbdbcda
acbdbacd
acbdbadc
acbdbdca
acbdbdac
acbddcab
acbddcba
acbddacb
acbddabc
acbddbca
acbddbac
acdcabbd
acdcabdb
acdcadbb
acdcbabd
acdcbadb
acdcbbad
acdcbbda
acdcbdab
acdcbdba
acdcdabb
acdcdbab
acdcdbba
acdacbbd
acdacbdb
acdacdbb
acdabcbd
acdabcdb
acdabbcd
acdabbdc
acdabdcb
acdabdbc
acdadcbb
acdadbcb
acdadbbc
acdbcabd
acdbcadb
acdbcbad
acdbcbda
acdbcdab
acdbcdba
acdbacbd
acdbacdb
acdbabcd
acdbabdc
acdbadcb
acdbadbc
acdbbcad
acdbbcda
acdbbacd
acdbbadc
acdbbdca
acdbbdac
acdbdcab
acdbdcba
acdbdacb
acdbdabc
acdbdbca
acdbdbac
acddcabb
acddcbab
acddcbba
acddacbb
acddabcb
acddabbc
acddbcab
acddbcba
acddbacb
acddbabc
acddbbca
acddbbac
aaccbbdd
aaccbdbd
aaccbddb
aaccdbbd
aaccdbdb
aaccddbb
aacbcbdd
aacbcdbd
aacbcddb
aacbbcdd
aacbbdcd
aacbbddc
aacbdcbd
aacbdcdb
aacbdbcd
aacbdbdc
aacbddcb
aacbddbc
aacdcbbd
aacdcbdb
aacdcdbb
aacdbcbd
aacdbcdb
aacdbbcd
aacdbbdc
aacdbdcb
aacdbdbc
aacddcbb
aacddbcb
aacddbbc
aabccbdd
aabccdbd
aabccddb
aabcbcdd
aabcbdcd
aabcbddc
aabcdcbd
aabcdcdb
aabcdbcd
aabcdbdc
aabcddcb
aabcddbc
aabbccdd
aabbcdcd
aabbcddc
aabbdccd
aabbdcdc
aabbddcc
aabdccbd
aabdccdb
aabdcbcd
aabdcbdc
aabdcdcb
aabdcdbc
aabdbccd
aabdbcdc
aabdbdcc
aabddccb
aabddcbc
aabddbcc
aadccbbd
aadccbdb
aadccdbb
aadcbcbd
aadcbcdb
aadcbbcd
aadcbbdc
aadcbdcb
aadcbdbc
aadcdcbb
aadcdbcb
aadcdbbc
aadbccbd
aadbccdb
aadbcbcd
aadbcbdc
aadbcdcb
aadbcdbc
aadbbccd
aadbbcdc
aadbbdcc
aadbdccb
aadbdcbc
aadbdbcc
aaddccbb
aaddcbcb
aaddcbbc
aaddbccb
aaddbcbc
aaddbbcc
abccabdd
abccadbd
abccaddb
abccbadd
abccbdad
abccbdda
abccdabd
abccdadb
abccdbad
abccdbda
abccddab
abccddba
abcacbdd
abcacdbd
abcacddb
abcabcdd
abcabdcd
abcabddc
abcadcbd
abcadcdb
abcadbcd
abcadbdc
abcaddcb
abcaddbc
abcbcadd
abcbcdad
abcbcdda
abcbacdd
abcbadcd
abcbaddc
abcbdcad
abcbdcda
abcbdacd
abcbdadc
abcbddca
abcbddac
abcdcabd
abcdcadb
abcdcbad
abcdcbda
abcdcdab
abcdcdba
abcdacbd
abcdacdb
abcdabcd
abcdabdc
abcdadcb
abcdadbc
abcdbcad
abcdbcda
abcdbacd
abcdbadc
abcdbdca
abcdbdac
abcddcab
abcddcba
abcddacb
abcddabc
abcddbca
abcddbac
abaccbdd
abaccdbd
abaccddb
abacbcdd
abacbdcd
abacbddc
abacdcbd
abacdcdb
abacdbcd
abacdbdc
abacddcb
abacddbc
ababccdd
ababcdcd
ababcddc
ababdccd
ababdcdc
ababddcc
abadccbd
abadccdb
abadcbcd
abadcbdc
abadcdcb
abadcdbc
abadbccd
abadbcdc
abadbdcc
abaddccb
abaddcbc
abaddbcc
abbccadd
abbccdad
abbccdda
abbcacdd
abbcadcd
abbcaddc
abbcdcad
abbcdcda
abbcdacd
abbcdadc
abbcddca
abbcddac
abbaccdd
abbacdcd
abbacddc
abbadccd
abbadcdc
abbaddcc
abbdccad
abbdccda
abbdcacd
abbdcadc
abbdcdca
abbdcdac
abbdaccd
abbdacdc
abbdadcc
abbddcca
abbddcac
abbddacc
abdccabd
abdccadb
abdccbad
abdccbda
abdccdab
abdccdba
abdcacbd
abdcacdb
abdcabcd
abdcabdc
abdcadcb
abdcadbc
abdcbcad
abdcbcda
abdcbacd
abdcbadc
abdcbdca
abdcbdac
abdcdcab
abdcdcba
abdcdacb
abdcdabc
abdcdbca
abdcdbac
abdaccbd
abdaccdb
abdacbcd
abdacbdc
abdacdcb
abdacdbc
abdabccd
abdabcdc
abdabdcc
abdadccb
abdadcbc
abdadbcc
abdbccad
abdbccda
abdbcacd
abdbcadc
abdbcdca
abdbcdac
abdbaccd
abdbacdc
abdbadcc
abdbdcca
abdbdcac
abdbdacc
abddccab
abddccba
abddcacb
abddcabc
abddcbca
abddcbac
abddaccb
abddacbc
abddabcc
abddbcca
abddbcac
abddbacc
adccabbd
adccabdb
adccadbb
adccbabd
adccbadb
adccbbad
adccbbda
adccbdab
adccbdba
adccdabb
adccdbab
adccdbba
adcacbbd
adcacbdb
adcacdbb
adcabcbd
adcabcdb
adcabbcd
adcabbdc
adcabdcb
adcabdbc
adcadcbb
adcadbcb
adcadbbc
adcbcabd
adcbcadb
adcbcbad
adcbcbda
adcbcdab
adcbcdba
adcbacbd
adcbacdb
adcbabcd
adcbabdc
adcbadcb
adcbadbc
adcbbcad
adcbbcda
adcbbacd
adcbbadc
adcbbdca
adcbbdac
adcbdcab
adcbdcba
adcbdacb
adcbdabc
adcbdbca
adcbdbac
adcdcabb
adcdcbab
adcdcbba
adcdacbb
adcdabcb
adcdabbc
adcdbcab
adcdbcba
adcdbacb
adcdbabc
adcdbbca
adcdbbac
adaccbbd
adaccbdb
adaccdbb
adacbcbd
adacbcdb
adacbbcd
adacbbdc
adacbdcb
adacbdbc
adacdcbb
adacdbcb
adacdbbc
adabccbd
adabccdb
adabcbcd
adabcbdc
adabcdcb
adabcdbc
adabbccd
adabbcdc
adabbdcc
adabdccb
adabdcbc
adabdbcc
adadccbb
adadcbcb
adadcbbc
adadbccb
adadbcbc
adadbbcc
adbccabd
adbccadb
adbccbad
adbccbda
adbccdab
adbccdba
adbcacbd
adbcacdb
adbcabcd
adbcabdc
adbcadcb
adbcadbc
adbcbcad
adbcbcda
adbcbacd
adbcbadc
adbcbdca
adbcbdac
adbcdcab
adbcdcba
adbcdacb
adbcdabc
adbcdbca
adbcdbac
adbaccbd
adbaccdb
adbacbcd
adbacbdc
adbacdcb
adbacdbc
adbabccd
adbabcdc
adbabdcc
adbadccb
adbadcbc
adbadbcc
adbbccad
adbbccda
adbbcacd
adbbcadc
adbbcdca
adbbcdac
adbbaccd
adbbacdc
adbbadcc
adbbdcca
adbbdcac
adbbdacc
adbdccab
adbdccba
adbdcacb
adbdcabc
adbdcbca
adbdcbac
adbdaccb
adbdacbc
adbdabcc
adbdbcca
adbdbcac
adbdbacc
addccabb
addccbab
addccbba
addcacbb
addcabcb
addcabbc
addcbcab
addcbcba
addcbacb
addcbabc
addcbbca
addcbbac
addaccbb
addacbcb
addacbbc
addabccb
addabcbc
addabbcc
addbccab
addbccba
addbcacb
addbcabc
addbcbca
addbcbac
addbaccb
addbacbc
addbabcc
addbbcca
addbbcac
addbbacc
bccaabdd
bccaadbd
bccaaddb
bccabadd
bccabdad
bccabdda
bccadabd
bccadadb
bccadbad
bccadbda
bccaddab
bccaddba
bccbaadd
bccbadad
bccbadda
bccbdaad
bccbdada
bccbddaa
bccdaabd
bccdaadb
bccdabad
bccdabda
bccdadab
bccdadba
bccdbaad
bccdbada
bccdbdaa
bccddaab
bccddaba
bccddbaa
bcacabdd
bcacadbd
bcacaddb
bcacbadd
bcacbdad
bcacbdda
bcacdabd
bcacdadb
bcacdbad
bcacdbda
bcacddab
bcacddba
bcaacbdd
bcaacdbd
bcaacddb
bcaabcdd
bcaabdcd
bcaabddc
bcaadcbd
bcaadcdb
bcaadbcd
bcaadbdc
bcaaddcb
bcaaddbc
bcabcadd
bcabcdad
bcabcdda
bcabacdd
bcabadcd
bcabaddc
bcabdcad
bcabdcda
bcabdacd
bcabdadc
bcabddca
bcabddac
bcadcabd
bcadcadb
bcadcbad
bcadcbda
bcadcdab
bcadcdba
bcadacbd
bcadacdb
bcadabcd
bcadabdc
bcadadcb
bcadadbc
bcadbcad
bcadbcda
bcadbacd
bcadbadc
bcadbdca
bcadbdac
bcaddcab
bcaddcba
bcaddacb
bcaddabc
bcaddbca
bcaddbac
bcbcaadd
bcbcadad
bcbcadda
bcbcdaad
bcbcdada
bcbcddaa
bcbacadd
bcbacdad
bcbacdda
bcbaacdd
bcbaadcd
bcbaaddc
bcbadcad
bcbadcda
bcbadacd
bcbadadc
bcbaddca
bcbaddac
bcbdcaad
bcbdcada
bcbdcdaa
bcbdacad
bcbdacda
bcbdaacd
bcbdaadc
bcbdadca
bcbdadac
bcbddcaa
bcbddaca
bcbddaac
bcdcaabd
bcdcaadb
bcdcabad
bcdcabda
bcdcadab
bcdcadba
bcdcbaad
bcdcbada
bcdcbdaa
bcdcdaab
bcdcdaba
bcdcdbaa
bcdacabd
bcdacadb
bcdacbad
bcdacbda
bcdacdab
bcdacdba
bcdaacbd
bcdaacdb
bcdaabcd
bcdaabdc
bcdaadcb
bcdaadbc
bcdabcad
bcdabcda
bcdabacd
bcdabadc
bcdabdca
bcdabdac
bcdadcab
bcdadcba
bcdadacb
bcdadabc
bcdadbca
bcdadbac
bcdbcaad
bcdbcada
bcdbcdaa
bcdbacad
bcdbacda
bcdbaacd
bcdbaadc
bcdbadca
bcdbadac
bcdbdcaa
bcdbdaca
bcdbdaac
bcddcaab
bcddcaba
bcddcbaa
bcddacab
bcddacba
bcddaacb
bcddaabc
bcddabca
bcddabac
bcddbcaa
bcddbaca
bcddbaac
baccabdd
baccadbd
baccaddb
baccbadd
baccbdad
baccbdda
baccdabd
baccdadb
baccdbad
baccdbda
baccddab
baccddba
bacacbdd
bacacdbd
bacacddb
bacabcdd
bacabdcd
bacabddc
bacadcbd
bacadcdb
bacadbcd
bacadbdc
bacaddcb
bacaddbc
bacbcadd
bacbcdad
bacbcdda
bacbacdd
bacbadcd
bacbaddc
bacbdcad
bacbdcda
bacbdacd
bacbdadc
bacbddca
bacbddac
bacdcabd
bacdcadb
bacdcbad
bacdcbda
bacdcdab
bacdcdba
bacdacbd
bacdacdb
bacdabcd
bacdabdc
bacdadcb
bacdadbc
bacdbcad
bacdbcda
bacdbacd
bacdbadc
bacdbdca
bacdbdac
bacddcab
bacddcba
bacddacb
bacddabc
bacddbca
bacddbac
baaccbdd
baaccdbd
baaccddb
baacbcdd
baacbdcd
baacbddc
baacdcbd
baacdcdb
baacdbcd
baacdbdc
baacddcb
baacddbc
baabccdd
baabcdcd
baabcddc
baabdccd
baabdcdc
baabddcc
baadccbd
baadccdb
baadcbcd
baadcbdc
baadcdcb
baadcdbc
baadbccd
baadbcdc
baadbdcc
baaddccb
baaddcbc
baaddbcc
babccadd
babccdad
babccdda
babcacdd
babcadcd
babcaddc
babcdcad
babcdcda
babcdacd
babcdadc
babcddca
babcddac
babaccdd
babacdcd
babacddc
babadccd
babadcdc
babaddcc
babdccad
babdccda
babdcacd
babdcadc
babdcdca
babdcdac
babdaccd
babdacdc
babdadcc
babddcca
babddcac
babddacc
badccabd
badccadb
badccbad
badccbda
badccdab
badccdba
badcacbd
badcacdb
badcabcd
badcabdc
badcadcb
badcadbc
badcbcad
badcbcda
badcbacd
badcbadc
badcbdca
badcbdac
badcdcab
badcdcba
badcdacb
badcdabc
badcdbca
badcdbac
badaccbd
badaccdb
badacbcd
badacbdc
badacdcb
badacdbc
badabccd
badabcdc
badabdcc
badadccb
badadcbc
badadbcc
badbccad
badbccda
badbcacd
badbcadc
badbcdca
badbcdac
badbaccd
badbacdc
badbadcc
badbdcca
badbdcac
badbdacc
baddccab
baddccba
baddcacb
baddcabc
baddcbca
baddcbac
baddaccb
baddacbc
baddabcc
baddbcca
baddbcac
baddbacc
bbccaadd
bbccadad
bbccadda
bbccdaad
bbccdada
bbccddaa
bbcacadd
bbcacdad
bbcacdda
bbcaacdd
bbcaadcd
bbcaaddc
bbcadcad
bbcadcda
bbcadacd
bbcadadc
bbcaddca
bbcaddac
bbcdcaad
bbcdcada
bbcdcdaa
bbcdacad
bbcdacda
bbcdaacd
bbcdaadc
bbcdadca
bbcdadac
bbcddcaa
bbcddaca
bbcddaac
bbaccadd
bbaccdad
bbaccdda
bbacacdd
bbacadcd
bbacaddc
bbacdcad
bbacdcda
bbacdacd
bbacdadc
bbacddca
bbacddac
bbaaccdd
bbaacdcd
bbaacddc
bbaadccd
bbaadcdc
bbaaddcc
bbadccad
bbadccda
bbadcacd
bbadcadc
bbadcdca
bbadcdac
bbadaccd
bbadacdc
bbadadcc
bbaddcca
bbaddcac
bbaddacc
bbdccaad
bbdccada
bbdccdaa
bbdcacad
bbdcacda
bbdcaacd
bbdcaadc
bbdcadca
bbdcadac
bbdcdcaa
bbdcdaca
bbdcdaac
bbdaccad
bbdaccda
bbdacacd
bbdacadc
bbdacdca
bbdacdac
bbdaaccd
bbdaacdc
bbdaadcc
bbdadcca
bbdadcac
bbdadacc
bbddccaa
bbddcaca
bbddcaac
bbddacca
bbddacac
bbddaacc
bdccaabd
bdccaadb
bdccabad
bdccabda
bdccadab
bdccadba
bdccbaad
bdccbada
bdccbdaa
bdccdaab
bdccdaba
bdccdbaa
bdcacabd
bdcacadb
bdcacbad
bdcacbda
bdcacdab
bdcacdba
bdcaacbd
bdcaacdb
bdcaabcd
bdcaabdc
bdcaadcb
bdcaadbc
bdcabcad
bdcabcda
bdcabacd
bdcabadc
bdcabdca
bdcabdac
bdcadcab
bdcadcba
bdcadacb
bdcadabc
bdcadbca
bdcadbac
bdcbcaad
bdcbcada
bdcbcdaa
bdcbacad
bdcbacda
bdcbaacd
bdcbaadc
bdcbadca
bdcbadac
bdcbdcaa
bdcbdaca
bdcbdaac
bdcdcaab
bdcdcaba
bdcdcbaa
bdcdacab
bdcdacba
bdcdaacb
bdcdaabc
bdcdabca
bdcdabac
bdcdbcaa
bdcdbaca
bdcdbaac
bdaccabd
bdaccadb
bdaccbad
bdaccbda
bdaccdab
bdaccdba
bdacacbd
bdacacdb
bdacabcd
bdacabdc
bdacadcb
bdacadbc
bdacbcad
bdacbcda
bdacbacd
bdacbadc
bdacbdca
bdacbdac
bdacdcab
bdacdcba
bdacdacb
bdacdabc
bdacdbca
bdacdbac
bdaaccbd
bdaaccdb
bdaacbcd
bdaacbdc
bdaacdcb
bdaacdbc
bdaabccd
bdaabcdc
bdaabdcc
bdaadccb
bdaadcbc
bdaadbcc
bdabccad
bdabccda
bdabcacd
bdabcadc
bdabcdca
bdabcdac
bdabaccd
bdabacdc
bdabadcc
bdabdcca
bdabdcac
bdabdacc
bdadccab
bdadccba
bdadcacb
bdadcabc
bdadcbca
bdadcbac
bdadaccb
bdadacbc
bdadabcc
bdadbcca
bdadbcac
bdadbacc
bdbccaad
bdbccada
bdbccdaa
bdbcacad
bdbcacda
bdbcaacd
bdbcaadc
bdbcadca
bdbcadac
bdbcdcaa
bdbcdaca
bdbcdaac
bdbaccad
bdbaccda
bdbacacd
bdbacadc
bdbacdca
bdbacdac
bdbaaccd
bdbaacdc
bdbaadcc
bdbadcca
bdbadcac
bdbadacc
bdbdccaa
bdbdcaca
bdbdcaac
bdbdacca
bdbdacac
bdbdaacc
bddccaab
bddccaba
bddccbaa
bddcacab
bddcacba
bddcaacb
bddcaabc
bddcabca
bddcabac
bddcbcaa
bddcbaca
bddcbaac
bddaccab
bddaccba
bddacacb
bddacabc
bddacbca
bddacbac
bddaaccb
bddaacbc
bddaabcc
bddabcca
bddabcac
bddabacc
bddbccaa
bddbcaca
bddbcaac
bddbacca
bddbacac
bddbaacc
dccaabbd
dccaabdb
dccaadbb
dccababd
dccabadb
dccabbad
dccabbda
dccabdab
dccabdba
dccadabb
dccadbab
dccadbba
dccbaabd
dccbaadb
dccbabad
dccbabda
dccbadab
dccbadba
dccbbaad
dccbbada
dccbbdaa
dccbdaab
dccbdaba
dccbdbaa
dccdaabb
dccdabab
dccdabba
dccdbaab
dccdbaba
dccdbbaa
dcacabbd
dcacabdb
dcacadbb
dcacbabd
dcacbadb
dcacbbad
dcacbbda
dcacbdab
dcacbdba
dcacdabb
dcacdbab
dcacdbba
dcaacbbd
dcaacbdb
dcaacdbb
dcaabcbd
dcaabcdb
dcaabbcd
dcaabbdc
dcaabdcb
dcaabdbc
dcaadcbb
dcaadbcb
dcaadbbc
dcabcabd
dcabcadb
dcabcbad
dcabcbda
dcabcdab
dcabcdba
dcabacbd
dcabacdb
dcababcd
dcababdc
dcabadcb
dcabadbc
dcabbcad
dcabbcda
dcabbacd
dcabbadc
dcabbdca
dcabbdac
dcabdcab
dcabdcba
dcabdacb
dcabdabc
dcabdbca
dcabdbac
dcadcabb
dcadcbab
dcadcbba
dcadacbb
dcadabcb
dcadabbc
dcadbcab
dcadbcba
dcadbacb
dcadbabc
dcadbbca
dcadbbac
dcbcaabd
dcbcaadb
dcbcabad
dcbcabda
dcbcadab
dcbcadba
dcbcbaad
dcbcbada
dcbcbdaa
dcbcdaab
dcbcdaba
dcbcdbaa
dcbacabd
dcbacadb
dcbacbad
dcbacbda
dcbacdab
dcbacdba
dcbaacbd
dcbaacdb
dcbaabcd
dcbaabdc
dcbaadcb
dcbaadbc
dcbabcad
dcbabcda
dcbabacd
dcbabadc
dcbabdca
dcbabdac
dcbadcab
dcbadcba
dcbadacb
dcbadabc
dcbadbca
dcbadbac
dcbbcaad
dcbbcada
dcbbcdaa
dcbbacad
dcbbacda
dcbbaacd
dcbbaadc
dcbbadca
dcbbadac
dcbbdcaa
dcbbdaca
dcbbdaac
dcbdcaab
dcbdcaba
dcbdcbaa
dcbdacab
dcbdacba
dcbdaacb
dcbdaabc
dcbdabca
dcbdabac
dcbdbcaa
dcbdbaca
dcbdbaac
dcdcaabb
dcdcabab
dcdcabba
dcdcbaab
dcdcbaba
dcdcbbaa
dcdacabb
dcdacbab
dcdacbba
dcdaacbb
dcdaabcb
dcdaabbc
dcdabcab
dcdabcba
dcdabacb
dcdababc
dcdabbca
dcdabbac
dcdbcaab
dcdbcaba
dcdbcbaa
dcdbacab
dcdbacba
dcdbaacb
dcdbaabc
dcdbabca
dcdbabac
dcdbbcaa
dcdbbaca
dcdbbaac
daccabbd
daccabdb
daccadbb
daccbabd
daccbadb
daccbbad
daccbbda
daccbdab
daccbdba
daccdabb
daccdbab
daccdbba
dacacbbd
dacacbdb
dacacdbb
dacabcbd
dacabcdb
dacabbcd
dacabbdc
dacabdcb
dacabdbc
dacadcbb
dacadbcb
dacadbbc
dacbcabd
dacbcadb
dacbcbad
dacbcbda
dacbcdab
dacbcdba
dacbacbd
dacbacdb
dacbabcd
dacbabdc
dacbadcb
dacbadbc
dacbbcad
dacbbcda
dacbbacd
dacbbadc
dacbbdca
dacbbdac
dacbdcab
dacbdcba
dacbdacb
dacbdabc
dacbdbca
dacbdbac
dacdcabb
dacdcbab
dacdcbba
dacdacbb
dacdabcb
dacdabbc
dacdbcab
dacdbcba
dacdbacb
dacdbabc
dacdbbca
dacdbbac
daaccbbd
daaccbdb
daaccdbb
daacbcbd
daacbcdb
daacbbcd
daacbbdc
daacbdcb
daacbdbc
daacdcbb
daacdbcb
daacdbbc
daabccbd
daabccdb
daabcbcd
daabcbdc
daabcdcb
daabcdbc
daabbccd
daabbcdc
daabbdcc
daabdccb
daabdcbc
daabdbcc
daadccbb
daadcbcb
daadcbbc
daadbccb
daadbcbc
daadbbcc
dabccabd
dabccadb
dabccbad
dabccbda
dabccdab
dabccdba
dabcacbd
dabcacdb
dabcabcd
dabcabdc
dabcadcb
dabcadbc
dabcbcad
dabcbcda
dabcbacd
dabcbadc
dabcbdca
dabcbdac
dabcdcab
dabcdcba
dabcdacb
dabcdabc
dabcdbca
dabcdbac
dabaccbd
dabaccdb
dabacbcd
dabacbdc
dabacdcb
dabacdbc
dababccd
dababcdc
dababdcc
dabadccb
dabadcbc
dabadbcc
dabbccad
dabbccda
dabbcacd
dabbcadc
dabbcdca
dabbcdac
dabbaccd
dabbacdc
dabbadcc
dabbdcca
dabbdcac
dabbdacc
dabdccab
dabdccba
dabdcacb
dabdcabc
dabdcbca
dabdcbac
dabdaccb
dabdacbc
dabdabcc
dabdbcca
dabdbcac
dabdbacc
dadccabb
dadccbab
dadccbba
dadcacbb
dadcabcb
dadcabbc
dadcbcab
dadcbcba
dadcbacb
dadcbabc
dadcbbca
dadcbbac
dadaccbb
dadacbcb
dadacbbc
dadabccb
dadabcbc
dadabbcc
dadbccab
dadbccba
dadbcacb
dadbcabc
dadbcbca
dadbcbac
dadbaccb
dadbacbc
dadbabcc
dadbbcca
dadbbcac
dadbbacc
dbccaabd
dbccaadb
dbccabad
dbccabda
dbccadab
dbccadba
dbccbaad
dbccbada
dbccbdaa
dbccdaab
dbccdaba
dbccdbaa
dbcacabd
dbcacadb
dbcacbad
dbcacbda
dbcacdab
dbcacdba
dbcaacbd
dbcaacdb
dbcaabcd
dbcaabdc
dbcaadcb
dbcaadbc
dbcabcad
dbcabcda
dbcabacd
dbcabadc
dbcabdca
dbcabdac
dbcadcab
dbcadcba
dbcadacb
dbcadabc
dbcadbca
dbcadbac
dbcbcaad
dbcbcada
dbcbcdaa
dbcbacad
dbcbacda
dbcbaacd
dbcbaadc
dbcbadca
dbcbadac
dbcbdcaa
dbcbdaca
dbcbdaac
dbcdcaab
dbcdcaba
dbcdcbaa
dbcdacab
dbcdacba
dbcdaacb
dbcdaabc
dbcdabca
dbcdabac
dbcdbcaa
dbcdbaca
dbcdbaac
dbaccabd
dbaccadb
dbaccbad
dbaccbda
dbaccdab
dbaccdba
dbacacbd
dbacacdb
dbacabcd
dbacabdc
dbacadcb
dbacadbc
dbacbcad
dbacbcda
dbacbacd
dbacbadc
dbacbdca
dbacbdac
dbacdcab
dbacdcba
dbacdacb
dbacdabc
dbacdbca
dbacdbac
dbaaccbd
dbaaccdb
dbaacbcd
dbaacbdc
dbaacdcb
dbaacdbc
dbaabccd
dbaabcdc
dbaabdcc
dbaadccb
dbaadcbc
dbaadbcc
dbabccad
dbabccda
dbabcacd
dbabcadc
dbabcdca
dbabcdac
dbabaccd
dbabacdc
dbabadcc
dbabdcca
dbabdcac
dbabdacc
dbadccab
dbadccba
dbadcacb
dbadcabc
dbadcbca
dbadcbac
dbadaccb
dbadacbc
dbadabcc
dbadbcca
dbadbcac
dbadbacc
dbbccaad
dbbccada
dbbccdaa
dbbcacad
dbbcacda
dbbcaacd
dbbcaadc
dbbcadca
dbbcadac
dbbcdcaa
dbbcdaca
dbbcdaac
dbbaccad
dbbaccda
dbbacacd
dbbacadc
dbbacdca
dbbacdac
dbbaaccd
dbbaacdc
dbbaadcc
dbbadcca
dbbadcac
dbbadacc
dbbdccaa
dbbdcaca
dbbdcaac
dbbdacca
dbbdacac
dbbdaacc
dbdccaab
dbdccaba
dbdccbaa
dbdcacab
dbdcacba
dbdcaacb
dbdcaabc
dbdcabca
dbdcabac
dbdcbcaa
dbdcbaca
dbdcbaac
dbdaccab
dbdaccba
dbdacacb
dbdacabc
dbdacbca
dbdacbac
dbdaaccb
dbdaacbc
dbdaabcc
dbdabcca
dbdabcac
dbdabacc
dbdbccaa
dbdbcaca
dbdbcaac
dbdbacca
dbdbacac
dbdbaacc
ddccaabb
ddccabab
ddccabba
ddccbaab
ddccbaba
ddccbbaa
ddcacabb
ddcacbab
ddcacbba
ddcaacbb
ddcaabcb
ddcaabbc
ddcabcab
ddcabcba
ddcabacb
ddcababc
ddcabbca
ddcabbac
ddcbcaab
ddcbcaba
ddcbcbaa
ddcbacab
ddcbacba
ddcbaacb
ddcbaabc
ddcbabca
ddcbabac
ddcbbcaa
ddcbbaca
ddcbbaac
ddaccabb
ddaccbab
ddaccbba
ddacacbb
ddacabcb
ddacabbc
ddacbcab
ddacbcba
ddacbacb
ddacbabc
ddacbbca
ddacbbac
ddaaccbb
ddaacbcb
ddaacbbc
ddaabccb
ddaabcbc
ddaabbcc
ddabccab
ddabccba
ddabcacb
ddabcabc
ddabcbca
ddabcbac
ddabaccb
ddabacbc
ddababcc
ddabbcca
ddabbcac
ddabbacc
ddbccaab
ddbccaba
ddbccbaa
ddbcacab
ddbcacba
ddbcaacb
ddbcaabc
ddbcabca
ddbcabac
ddbcbcaa
ddbcbaca
ddbcbaac
ddbaccab
ddbaccba
ddbacacb
ddbacabc
ddbacbca
ddbacbac
ddbaaccb
ddbaacbc
ddbaabcc
ddbabcca
ddbabcac
ddbabacc
ddbbccaa
ddbbcaca
ddbbcaac
ddbbacca
ddbbacac
ddbbaacc
